════════════════════════════════════════
📝 Daily Blog Generation — 2026-04-08 12:00:02
════════════════════════════════════════
[dotenv@17.3.1] injecting env (25) from .env.local -- tip: 🤖 agentic secret storage: https://dotenvx.com/as2
[dotenv@17.3.1] injecting env (0) from .env.local -- tip: 🤖 agentic secret storage: https://dotenvx.com/as2
[dotenv@17.3.1] injecting env (0) from .env.local -- tip: ⚙️  write to custom object with { processEnv: myObject }
🚀 ブログ自動生成プロセスを開始します...

📥 引数なしのため、ThemeScheduleから今日の未執筆テーマを取得します...
🎯 シートから取得しました: RFマイクロニードリング（ポテンツァ等）は本当に効く？ニキビ跡・毛穴治療に関する最新系統的レビューを読む
🔍 テーマ「RFマイクロニードリング（ポテンツァ等）は本当に効く？ニキビ跡・毛穴治療に関する最新系統的レビューを読む (Microneedling radiofrequency, systematic review, atrophic acne scars, skin rejuvenation, fractional RF, pore size)」についてDeep Researchを実行中...
⏳ API混雑中 (503)… 10秒後にリトライ (1/3)
✅ リサーチ完了

📸 LP用のサムネイル画像を取得中...
✍️ 記事を生成中（Elegant Letter Style）...
✅ 記事生成完了

🧐 生成された記事を自動で検閲・修正中...
✅ 自動検閲・修正完了

📦 Google Sheets にブログ記事をキュー登録中...
📤 Slack へ承認メッセージを送信中...
✅ Slack親通知完了: 1775617303.493099
✅ ThemeScheduleのステータスを'completed'に更新しました。

🚀 引き続き X (Twitter) 用の投稿を生成します...
[dotenv@17.3.1] injecting env (0) from .env.local -- tip: ⚙️  enable debug logging with { debug: true }
[dotenv@17.3.1] injecting env (0) from .env.local -- tip: ⚙️  suppress all logs with { quiet: true }
[dotenv@17.3.1] injecting env (0) from .env.local -- tip: ⚙️  suppress all logs with { quiet: true }
[dotenv@17.3.1] injecting env (0) from .env -- tip: ⚡️ secrets for agents: https://dotenvx.com/as2
✍️ 拡散スレッド（X/Twitter）を生成中...

==============================
正直に告白しますね。最近、「RFマイクロニードリングって本当に効くんですか？」って質問、すごく増えたんですよね。特にポテンツァとか、みんな気になってるんです。私自身も、日々の診察や最新の美容ニュースから、世界の研究をまとめたレビューを読み込んでみましたよ。
---
で、結論から言うと、この「最新の肌治療」、やっぱりニキビ跡や毛穴の悩みには、しっかり効果が期待できることが分かってきたんです。特に、瘢痕性のニキビ跡（クレーターとかね）や、しつこい毛穴の開きには、ただ表面からケアするだけじゃ届かない部分にアプローチできるのが強みなんですよね。
---
でもね、これさえやれば全部解決！って思っちゃダメですよ（笑）。最新の研究でも、医師の見極めや、お肌の状態に合わせたアプローチがすごく大事だって強調されてました。焦って強い設定にしちゃったり、自分に合わないタイミングで受けるのは、もったいない結果になっちゃうこともあるんです。
---
だからこそ、信頼できる専門家と一緒に、今の自分のお肌に何が一番必要かを見極めるのが、美肌への一番の近道なんですよね✨ 最新の情報は常にアップデートされているから、これからも一緒に学んで、理想の肌を目指していきましょうね。保存して見返してね🚩
==============================

📤 Slack へ承認メッセージを送信中...
✅ Slack通知完了: 1775617322.845889
📦 Google Sheets にキューを登録中...
🎉 キュー登録完了！Slackで確認・承認してください。
✅ X 投稿の生成フローが完了しました！

🎉 すべての自動化プロセスが完了しました！

✅ 完了: 12:02:03
