════════════════════════════════════════
📝 Daily Blog Generation — 2026-04-06 10:00:02
════════════════════════════════════════
[dotenv@17.3.1] injecting env (25) from .env.local -- tip: ⚙️  write to custom object with { processEnv: myObject }
[dotenv@17.3.1] injecting env (0) from .env.local -- tip: ⚙️  write to custom object with { processEnv: myObject }
[dotenv@17.3.1] injecting env (0) from .env.local -- tip: ⚙️  suppress all logs with { quiet: true }
🚀 ブログ自動生成プロセスを開始します...

📥 引数なしのため、ThemeScheduleから今日の未執筆テーマを取得します...
🎯 シートから取得しました: 肌の"錆びつき"を防ぐ最終兵器？ グルタチオンを超える抗酸化物質「エルゴチオネイン」の驚くべき細胞保護効果。
🔍 テーマ「肌の"錆びつき"を防ぐ最終兵器？ グルタチオンを超える抗酸化物質「エルゴチオネイン」の驚くべき細胞保護効果。 (Ergothioneine skin benefits OR Ergothioneine vs Glutathione antioxidant OR L-(+)-Ergothioneine skin aging)」についてDeep Researchを実行中...
✅ リサーチ完了

📸 LP用のサムネイル画像を取得中...
✍️ 記事を生成中（Elegant Letter Style）...
✅ 記事生成完了

🧐 生成された記事を自動で検閲・修正中...
✅ 自動検閲・修正完了

📦 Google Sheets にブログ記事をキュー登録中...
📤 Slack へ承認メッセージを送信中...
✅ Slack親通知完了: 1775437306.916439
✅ ThemeScheduleのステータスを'completed'に更新しました。

🚀 引き続き X (Twitter) 用の投稿を生成します...
[dotenv@17.3.1] injecting env (0) from .env.local -- tip: ⚙️  write to custom object with { processEnv: myObject }
[dotenv@17.3.1] injecting env (0) from .env.local -- tip: ⚡️ secrets for agents: https://dotenvx.com/as2
[dotenv@17.3.1] injecting env (0) from .env.local -- tip: 🛠️  run anywhere with `dotenvx run -- yourcommand`
[dotenv@17.3.1] injecting env (0) from .env -- tip: ⚙️  write to custom object with { processEnv: myObject }
✍️ 拡散スレッド（X/Twitter）を生成中...

==============================
正直に告白します。最近、診察室で「肌の老化って、結局何が一番効くんですか？」って聞かれることが増えたんですよね。グルタチオンが有名ですけど、実は私、もっとすごい「秘密兵器」に注目しちゃってるんです😭

---

それが「エルゴチオネイン」。なにそれ？って感じですよね（笑）でもこれが、私たちの肌の”錆びつき”を食い止める、とんでもない抗酸化物質なんです。細胞の奥深くに直接届いて、強力な「細胞のボディガード」になってくれるんですよ✨

---

老化の原因になる活性酸素を、グルタチオンよりも効率よく捕まえちゃうんですって！だから、肌のくすみやハリ不足に悩む人、シワが増えてきたかも…って人には、ぜひ知ってほしいんですよね。内側から守るって、本当に大事なんです。

---

どこで摂れるの？って思いますよね。キノコ類、特にしいたけやえのき茸に豊富なんですよ🍄 サプリメントでも注目されてますが、選ぶ時は「本当に品質が良いもの？」って、ちょっとお節介だけど調べてほしいんです。闇雲に飲むのはダメですよ（笑）肌の未来のために、ちょっとだけ意識してほしいな。保存して見返してね🚩
==============================

📤 Slack へ承認メッセージを送信中...
✅ Slack通知完了: 1775437322.785649
📦 Google Sheets にキューを登録中...
🎉 キュー登録完了！Slackで確認・承認してください。
✅ X 投稿の生成フローが完了しました！

🎉 すべての自動化プロセスが完了しました！

✅ 完了: 10:02:03
