════════════════════════════════════════
📝 Daily Blog Generation — 2026-04-09 12:00:03
════════════════════════════════════════
[dotenv@17.3.1] injecting env (25) from .env.local -- tip: ⚙️  suppress all logs with { quiet: true }
[dotenv@17.3.1] injecting env (0) from .env.local -- tip: ⚙️  specify custom .env file path with { path: '/custom/path/.env' }
[dotenv@17.3.1] injecting env (0) from .env.local -- tip: 🛠️  run anywhere with `dotenvx run -- yourcommand`
🚀 ブログ自動生成プロセスを開始します...

📥 引数なしのため、ThemeScheduleから今日の未執筆テーマを取得します...
🎯 シートから取得しました: 「切らないリフトアップ」HIFUの真実。最新メタアナリシスが示す効果のピーク、持続期間、そして神経損傷リスク
🔍 テーマ「「切らないリフトアップ」HIFUの真実。最新メタアナリシスが示す効果のピーク、持続期間、そして神経損傷リスク (HIFU, High-Intensity Focused Ultrasound, non-invasive skin tightening, meta-analysis, systematic review, adverse effects, nerve injury)」についてDeep Researchを実行中...
⏳ API混雑中 (503)… 10秒後にリトライ (1/3)
⏳ API混雑中 (503)… 20秒後にリトライ (2/3)
❌ エラーが発生しました: ApiError: {"error":{"code":503,"message":"This model is currently experiencing high demand. Spikes in demand are usually temporary. Please try again later.","status":"UNAVAILABLE"}}
    at throwErrorIfNotOK (/Users/satoutakuma/Desktop/hiroo-open/the-skin-atelier/node_modules/@google/genai/dist/node/index.cjs:13085:30)
    at process.processTicksAndRejections (node:internal/process/task_queues:104:5)
    at async /Users/satoutakuma/Desktop/hiroo-open/the-skin-atelier/node_modules/@google/genai/dist/node/index.cjs:12788:13
    at async Models.generateContent (/Users/satoutakuma/Desktop/hiroo-open/the-skin-atelier/node_modules/@google/genai/dist/node/index.cjs:14189:24)
    at async withRetry (/Users/satoutakuma/Desktop/hiroo-open/the-skin-atelier/scripts/auto-post-blog.ts:33:14)
    at async performDeepResearch (/Users/satoutakuma/Desktop/hiroo-open/the-skin-atelier/scripts/auto-post-blog.ts:60:20)
    at async main (/Users/satoutakuma/Desktop/hiroo-open/the-skin-atelier/scripts/auto-post-blog.ts:221:28) {
  status: 503
}

✅ 完了: 12:01:07
