════════════════════════════════════════
📝 Daily Blog Generation — 2026-04-05 10:00:04
════════════════════════════════════════
[dotenv@17.3.1] injecting env (25) from .env.local -- tip: ⚙️  write to custom object with { processEnv: myObject }
[dotenv@17.3.1] injecting env (0) from .env.local -- tip: ⚡️ secrets for agents: https://dotenvx.com/as2
[dotenv@17.3.1] injecting env (0) from .env.local -- tip: ⚙️  specify custom .env file path with { path: '/custom/path/.env' }
🚀 ブログ自動生成プロセスを開始します...

📥 引数なしのため、ThemeScheduleから今日の未執筆テーマを取得します...
🎯 シートから取得しました: 「塗るボトックス」は本当？ 次世代成分アルジルリンの進化形「アルジレロックス™」のシワ改善メカニズムを論文で解き明かす。
🔍 テーマ「「塗るボトックス」は本当？ 次世代成分アルジルリンの進化形「アルジレロックス™」のシワ改善メカニズムを論文で解き明かす。 (Argirelox peptide mechanism OR Acetyl Hexapeptide-8 botox-like effect OR Leuphasyl pentapeptide-18)」についてDeep Researchを実行中...
✅ リサーチ完了

📸 LP用のサムネイル画像を取得中...
✍️ 記事を生成中（Elegant Letter Style）...
✅ 記事生成完了

🧐 生成された記事を自動で検閲・修正中...
✅ 自動検閲・修正完了

📦 Google Sheets にブログ記事をキュー登録中...
📤 Slack へ承認メッセージを送信中...
✅ Slack親通知完了: 1775350891.822669
✅ ThemeScheduleのステータスを'completed'に更新しました。

🚀 引き続き X (Twitter) 用の投稿を生成します...
[dotenv@17.3.1] injecting env (0) from .env.local -- tip: ⚙️  suppress all logs with { quiet: true }
[dotenv@17.3.1] injecting env (0) from .env.local -- tip: ⚙️  write to custom object with { processEnv: myObject }
[dotenv@17.3.1] injecting env (0) from .env.local -- tip: ⚡️ secrets for agents: https://dotenvx.com/as2
[dotenv@17.3.1] injecting env (0) from .env -- tip: ⚙️  suppress all logs with { quiet: true }
✍️ 拡散スレッド（X/Twitter）を生成中...

==============================
正直に告白しますね。「塗るボトックス」って聞くと「え、本当に！？」って期待しちゃいますよね。でも、残念ながら注射のボトックスと全く同じ作用はしないんです😭 そうなんです、世の中にはキャッチーな言葉が溢れてるんですよね。だからこそ、正しい知識を知ってほしいんです。

---

でもね、最近注目されてる「アルジレロックス™」っていう次世代成分、これはかなり期待大なんですよね。元々「アルジルリン」っていう成分の進化版で、表情ジワにアプローチするメカニズムがちゃんと解明されてきてるんですよ。筋肉に「ちょっと一休みしてね」って優しく伝えて、ハリ感をサポートするイメージかな。

---

注射のボトックスは筋肉の動きをピタッと止めるのに対し、アルジレロックス™はあくまで「塗る」タイプなので、より穏やかに表情のクセにアプローチしてくれるんです。だから、自然な表情を保ちつつ、未来のシワ対策として取り入れるのはアリなんです✨ 私も論文とか色々読んで、これはいいなって思ってるんですよね。もちろん過度な期待はしちゃダメですよ（笑）

---

じゃあ、どう取り入れるのが効果的かっていうと、私は日々のスキンケアにプラスして、特に目元や口元など、気になる部分にピンポイントで使うことをおすすめしています。即効性よりも継続が大事なんですよね。他のケアとの組み合わせで、よりハリのある肌を目指せるんです。

---

結論、塗るボトックスは注射とは別物だけど、アルジレロックス™のような成分は、毎日のケアで自然なハリ感をサポートする頼れる存在になりそうですよ✨ 賢く成分を選んで、一緒に美肌を目指しましょうね🚩
==============================

📤 Slack へ承認メッセージを送信中...
✅ Slack通知完了: 1775350905.885129
📦 Google Sheets にキューを登録中...
🎉 キュー登録完了！Slackで確認・承認してください。
✅ X 投稿の生成フローが完了しました！

🎉 すべての自動化プロセスが完了しました！

✅ 完了: 10:01:46
